
> web@0.1.0 build
> next build

Attention: Next.js now collects completely anonymous telemetry regarding usage.
This information is used to shape Next.js' roadmap and prioritize features.
You can learn more, including how to opt-out if you'd not like to participate in this anonymous program, by visiting the following URL:
https://nextjs.org/telemetry

▲ Next.js 16.2.9 (Turbopack)
- Environments: .env.production

  Creating an optimized production build ...
✓ Compiled successfully in 7.3s
  Running TypeScript ...

  We detected TypeScript in your project and reconfigured your tsconfig.json file for you.
  The following suggested values were added to your tsconfig.json. These values can be changed to fit your project's needs:

  	- plugins was updated to add { name: 'next' }

  Finished TypeScript in 3.4s ...
  Collecting page data using 1 worker ...
  Generating static pages using 1 worker (0/5) ...
  Generating static pages using 1 worker (1/5) 
  Generating static pages using 1 worker (2/5) 
  Generating static pages using 1 worker (3/5) 
✓ Generating static pages using 1 worker (5/5) in 197ms
  Finalizing page optimization ...

Route (app)
┌ ○ /_not-found
└ ○ /auth/register

Route (pages)
┌ ○ /
├   /_app
└ ƒ /api/hello

○  (Static)   prerendered as static content
ƒ  (Dynamic)  server-rendered on demand

